<?xml version="1.0" encoding="UTF-8" ?>
<testsuites name="vitest tests" tests="2" failures="1" errors="0" time="9.9299554">
    <testsuite name="src/__temoin_budget__.test.ts" timestamp="2026-09-21T04:16:22.629Z" hostname="Macinix" tests="2" failures="1" errors="0" skipped="0" time="9.9299554">
        <testcase classname="src/__temoin_budget__.test.ts" name="encadrement 4900" time="4.9113018">
        </testcase>
        <testcase classname="src/__temoin_budget__.test.ts" name="encadrement 5100" time="5.0167315">
            <failure message="Test timed out in 5000ms.
If this is a long-running test, pass a timeout value as the last argument or configure it globally with &quot;testTimeout&quot;." type="Error">
Error: Test timed out in 5000ms.
If this is a long-running test, pass a timeout value as the last argument or configure it globally with &quot;testTimeout&quot;.
 ❯ src/__temoin_budget__.test.ts:3:1
            </failure>
        </testcase>
    </testsuite>
</testsuites>
