<?xml version="1.0" encoding="UTF-8" ?>
<testsuites name="vitest tests" tests="2" failures="1" errors="0" time="9.9322677">
    <testsuite name="src/__temoin_budget__.test.ts" timestamp="2026-09-21T04:15:46.352Z" hostname="Macinix" tests="2" failures="1" errors="0" skipped="0" time="9.9322677">
        <testcase classname="src/__temoin_budget__.test.ts" name="encadrement 4900" time="4.9055386">
        </testcase>
        <testcase classname="src/__temoin_budget__.test.ts" name="encadrement 5100" time="5.0244246">
            <failure message="Test timed out in 5000ms.
If this is a long-running test, pass a timeout value as the last argument or configure it globally with &quot;testTimeout&quot;." type="Error">
Error: Test timed out in 5000ms.
If this is a long-running test, pass a timeout value as the last argument or configure it globally with &quot;testTimeout&quot;.
 ❯ src/__temoin_budget__.test.ts:3:1
            </failure>
        </testcase>
    </testsuite>
</testsuites>
