<?xml version="1.0" encoding="UTF-8" ?>
<testsuites name="vitest tests" tests="2" failures="0" errors="0" time="2.4158323">
    <testsuite name="discrimination.test.mjs" timestamp="2026-09-21T04:16:41.977Z" hostname="Macinix" tests="2" failures="0" errors="0" skipped="0" time="2.4158323">
        <testcase classname="discrimination.test.mjs" name="leger-1" time="1.2132995">
        </testcase>
        <testcase classname="discrimination.test.mjs" name="leger-2" time="1.2007312">
        </testcase>
    </testsuite>
</testsuites>
